<?xml version="1.0" encoding="UTF-8" ?>
<testsuites errors="0"
            failures="0"
            tests="3">

  <testsuite name="pflegenzuhause"
    errors="0" failures="0" hostname="" id="" package="pflegenzuhause" skipped="0"
    tests="3" time="22.87" timestamp="Thu, 10 Jan 2019 06:41:23 GMT">
  
    <testcase name="Close Cookie Bar" classname="pflegenzuhause" time="9.031" assertions="2">

    

    
    </testcase>
  
    <testcase name="Go to login page" classname="pflegenzuhause" time="3.078" assertions="1">

    
    </testcase>
  
    <testcase name="login as admin" classname="pflegenzuhause" time="10.76" assertions="0">
    </testcase>
  

  

  
  </testsuite>
</testsuites>
