<?xml version="1.0" encoding="UTF-8" ?>
<testsuites errors="0"
            failures="1"
            tests="18">

  <testsuite name="Register"
    errors="0" failures="1" hostname="" id="" package="Register" skipped="17"
    tests="18" time="78.54" timestamp="Fri, 28 Dec 2018 17:02:03 GMT">
  
    <testcase name="Enter Email Address" classname="Register" time="78.54" assertions="1">  <failure message="Timed out while waiting for element &lt;body&gt; to be present for 7000 milliseconds.">    at enterEmail (/Users/nso4579/Documents/NWProject/NightWatch/pages/RegisterPage.js:12:10)
    at Object.Enter Email Address (/Users/nso4579/Documents/NWProject/NightWatch/tests/Register.js:10:23)</failure>

    
    </testcase>
  

  
    <system-err>
      ERROR: Unable to locate element: &#34;input[name=username]&#34; using: css selector
    at userLogin (/Users/nso4579/Documents/NWProject/NightWatch/pages/utils.js:31:6)
    at Object.login as admin (/Users/nso4579/Documents/NWProject/NightWatch/tests/bsl.js:18:20)
    at Module.call (/Users/nso4579/Documents/NWProject/NightWatch/node_modules/nightwatch/lib/runner/module.js:62:34)
    at /Users/nso4579/Documents/NWProject/NightWatch/node_modules/nightwatch/lib/runner/testcase.js:70:29
    at _fulfilled (/Users/nso4579/Documents/NWProject/NightWatch/node_modules/q/q.js:834:54)
    at self.promiseDispatch.done (/Users/nso4579/Documents/NWProject/NightWatch/node_modules/q/q.js:863:30)
    at Promise.promise.promiseDispatch (/Users/nso4579/Documents/NWProject/NightWatch/node_modules/q/q.js:796:13)
    at /Users/nso4579/Documents/NWProject/NightWatch/node_modules/q/q.js:556:49
    at runSingle (/Users/nso4579/Documents/NWProject/NightWatch/node_modules/q/q.js:137:13)
    at flush (/Users/nso4579/Documents/NWProject/NightWatch/node_modules/q/q.js:125:13)
ERROR: Unable to locate element: &#34;input[name=password]&#34; using: css selector
    at userLogin (/Users/nso4579/Documents/NWProject/NightWatch/pages/utils.js:32:6)
    at Object.login as admin (/Users/nso4579/Documents/NWProject/NightWatch/tests/bsl.js:18:20)
    at Module.call (/Users/nso4579/Documents/NWProject/NightWatch/node_modules/nightwatch/lib/runner/module.js:62:34)
    at /Users/nso4579/Documents/NWProject/NightWatch/node_modules/nightwatch/lib/runner/testcase.js:70:29
    at _fulfilled (/Users/nso4579/Documents/NWProject/NightWatch/node_modules/q/q.js:834:54)
    at self.promiseDispatch.done (/Users/nso4579/Documents/NWProject/NightWatch/node_modules/q/q.js:863:30)
    at Promise.promise.promiseDispatch (/Users/nso4579/Documents/NWProject/NightWatch/node_modules/q/q.js:796:13)
    at /Users/nso4579/Documents/NWProject/NightWatch/node_modules/q/q.js:556:49
    at runSingle (/Users/nso4579/Documents/NWProject/NightWatch/node_modules/q/q.js:137:13)
    at flush (/Users/nso4579/Documents/NWProject/NightWatch/node_modules/q/q.js:125:13)
ERROR: Unable to locate element: &#34;input[name=submit]&#34; using: css selector
    at userLogin (/Users/nso4579/Documents/NWProject/NightWatch/pages/utils.js:33:6)
    at Object.login as admin (/Users/nso4579/Documents/NWProject/NightWatch/tests/bsl.js:18:20)
    at Module.call (/Users/nso4579/Documents/NWProject/NightWatch/node_modules/nightwatch/lib/runner/module.js:62:34)
    at /Users/nso4579/Documents/NWProject/NightWatch/node_modules/nightwatch/lib/runner/testcase.js:70:29
    at _fulfilled (/Users/nso4579/Documents/NWProject/NightWatch/node_modules/q/q.js:834:54)
    at self.promiseDispatch.done (/Users/nso4579/Documents/NWProject/NightWatch/node_modules/q/q.js:863:30)
    at Promise.promise.promiseDispatch (/Users/nso4579/Documents/NWProject/NightWatch/node_modules/q/q.js:796:13)
    at /Users/nso4579/Documents/NWProject/NightWatch/node_modules/q/q.js:556:49
    at runSingle (/Users/nso4579/Documents/NWProject/NightWatch/node_modules/q/q.js:137:13)
    at flush (/Users/nso4579/Documents/NWProject/NightWatch/node_modules/q/q.js:125:13)
ERROR: Unable to locate element: &#34;input[name=username]&#34; using: css selector
    at userLogin (/Users/nso4579/Documents/NWProject/NightWatch/pages/utils.js:31:6)
    at Object.login as admin (/Users/nso4579/Documents/NWProject/NightWatch/tests/mmdiabetes.js:18:20)
    at Module.call (/Users/nso4579/Documents/NWProject/NightWatch/node_modules/nightwatch/lib/runner/module.js:62:34)
    at /Users/nso4579/Documents/NWProject/NightWatch/node_modules/nightwatch/lib/runner/testcase.js:70:29
    at _fulfilled (/Users/nso4579/Documents/NWProject/NightWatch/node_modules/q/q.js:834:54)
    at self.promiseDispatch.done (/Users/nso4579/Documents/NWProject/NightWatch/node_modules/q/q.js:863:30)
    at Promise.promise.promiseDispatch (/Users/nso4579/Documents/NWProject/NightWatch/node_modules/q/q.js:796:13)
    at /Users/nso4579/Documents/NWProject/NightWatch/node_modules/q/q.js:556:49
    at runSingle (/Users/nso4579/Documents/NWProject/NightWatch/node_modules/q/q.js:137:13)
    at flush (/Users/nso4579/Documents/NWProject/NightWatch/node_modules/q/q.js:125:13)
ERROR: Unable to locate element: &#34;input[name=password]&#34; using: css selector
    at userLogin (/Users/nso4579/Documents/NWProject/NightWatch/pages/utils.js:32:6)
    at Object.login as admin (/Users/nso4579/Documents/NWProject/NightWatch/tests/mmdiabetes.js:18:20)
    at Module.call (/Users/nso4579/Documents/NWProject/NightWatch/node_modules/nightwatch/lib/runner/module.js:62:34)
    at /Users/nso4579/Documents/NWProject/NightWatch/node_modules/nightwatch/lib/runner/testcase.js:70:29
    at _fulfilled (/Users/nso4579/Documents/NWProject/NightWatch/node_modules/q/q.js:834:54)
    at self.promiseDispatch.done (/Users/nso4579/Documents/NWProject/NightWatch/node_modules/q/q.js:863:30)
    at Promise.promise.promiseDispatch (/Users/nso4579/Documents/NWProject/NightWatch/node_modules/q/q.js:796:13)
    at /Users/nso4579/Documents/NWProject/NightWatch/node_modules/q/q.js:556:49
    at runSingle (/Users/nso4579/Documents/NWProject/NightWatch/node_modules/q/q.js:137:13)
    at flush (/Users/nso4579/Documents/NWProject/NightWatch/node_modules/q/q.js:125:13)
ERROR: Unable to locate element: &#34;input[name=submit]&#34; using: css selector
    at userLogin (/Users/nso4579/Documents/NWProject/NightWatch/pages/utils.js:33:6)
    at Object.login as admin (/Users/nso4579/Documents/NWProject/NightWatch/tests/mmdiabetes.js:18:20)
    at Module.call (/Users/nso4579/Documents/NWProject/NightWatch/node_modules/nightwatch/lib/runner/module.js:62:34)
    at /Users/nso4579/Documents/NWProject/NightWatch/node_modules/nightwatch/lib/runner/testcase.js:70:29
    at _fulfilled (/Users/nso4579/Documents/NWProject/NightWatch/node_modules/q/q.js:834:54)
    at self.promiseDispatch.done (/Users/nso4579/Documents/NWProject/NightWatch/node_modules/q/q.js:863:30)
    at Promise.promise.promiseDispatch (/Users/nso4579/Documents/NWProject/NightWatch/node_modules/q/q.js:796:13)
    at /Users/nso4579/Documents/NWProject/NightWatch/node_modules/q/q.js:556:49
    at runSingle (/Users/nso4579/Documents/NWProject/NightWatch/node_modules/q/q.js:137:13)
    at flush (/Users/nso4579/Documents/NWProject/NightWatch/node_modules/q/q.js:125:13)
ERROR: Unable to locate element: &#34;input[name=username]&#34; using: css selector
    at userLogin (/Users/nso4579/Documents/NWProject/NightWatch/pages/utils.js:31:6)
    at Object.login as admin (/Users/nso4579/Documents/NWProject/NightWatch/tests/mmoncology.js:18:20)
    at Module.call (/Users/nso4579/Documents/NWProject/NightWatch/node_modules/nightwatch/lib/runner/module.js:62:34)
    at /Users/nso4579/Documents/NWProject/NightWatch/node_modules/nightwatch/lib/runner/testcase.js:70:29
    at _fulfilled (/Users/nso4579/Documents/NWProject/NightWatch/node_modules/q/q.js:834:54)
    at self.promiseDispatch.done (/Users/nso4579/Documents/NWProject/NightWatch/node_modules/q/q.js:863:30)
    at Promise.promise.promiseDispatch (/Users/nso4579/Documents/NWProject/NightWatch/node_modules/q/q.js:796:13)
    at /Users/nso4579/Documents/NWProject/NightWatch/node_modules/q/q.js:556:49
    at runSingle (/Users/nso4579/Documents/NWProject/NightWatch/node_modules/q/q.js:137:13)
    at flush (/Users/nso4579/Documents/NWProject/NightWatch/node_modules/q/q.js:125:13)
ERROR: Unable to locate element: &#34;input[name=password]&#34; using: css selector
    at userLogin (/Users/nso4579/Documents/NWProject/NightWatch/pages/utils.js:32:6)
    at Object.login as admin (/Users/nso4579/Documents/NWProject/NightWatch/tests/mmoncology.js:18:20)
    at Module.call (/Users/nso4579/Documents/NWProject/NightWatch/node_modules/nightwatch/lib/runner/module.js:62:34)
    at /Users/nso4579/Documents/NWProject/NightWatch/node_modules/nightwatch/lib/runner/testcase.js:70:29
    at _fulfilled (/Users/nso4579/Documents/NWProject/NightWatch/node_modules/q/q.js:834:54)
    at self.promiseDispatch.done (/Users/nso4579/Documents/NWProject/NightWatch/node_modules/q/q.js:863:30)
    at Promise.promise.promiseDispatch (/Users/nso4579/Documents/NWProject/NightWatch/node_modules/q/q.js:796:13)
    at /Users/nso4579/Documents/NWProject/NightWatch/node_modules/q/q.js:556:49
    at runSingle (/Users/nso4579/Documents/NWProject/NightWatch/node_modules/q/q.js:137:13)
    at flush (/Users/nso4579/Documents/NWProject/NightWatch/node_modules/q/q.js:125:13)
ERROR: Unable to locate element: &#34;input[name=submit]&#34; using: css selector
    at userLogin (/Users/nso4579/Documents/NWProject/NightWatch/pages/utils.js:33:6)
    at Object.login as admin (/Users/nso4579/Documents/NWProject/NightWatch/tests/mmoncology.js:18:20)
    at Module.call (/Users/nso4579/Documents/NWProject/NightWatch/node_modules/nightwatch/lib/runner/module.js:62:34)
    at /Users/nso4579/Documents/NWProject/NightWatch/node_modules/nightwatch/lib/runner/testcase.js:70:29
    at _fulfilled (/Users/nso4579/Documents/NWProject/NightWatch/node_modules/q/q.js:834:54)
    at self.promiseDispatch.done (/Users/nso4579/Documents/NWProject/NightWatch/node_modules/q/q.js:863:30)
    at Promise.promise.promiseDispatch (/Users/nso4579/Documents/NWProject/NightWatch/node_modules/q/q.js:796:13)
    at /Users/nso4579/Documents/NWProject/NightWatch/node_modules/q/q.js:556:49
    at runSingle (/Users/nso4579/Documents/NWProject/NightWatch/node_modules/q/q.js:137:13)
    at flush (/Users/nso4579/Documents/NWProject/NightWatch/node_modules/q/q.js:125:13)
ERROR: Unable to locate element: &#34;input[name=username]&#34; using: css selector
    at userLogin (/Users/nso4579/Documents/NWProject/NightWatch/pages/utils.js:31:6)
    at Object.login as admin (/Users/nso4579/Documents/NWProject/NightWatch/tests/pflegenzuhause.js:18:20)
    at Module.call (/Users/nso4579/Documents/NWProject/NightWatch/node_modules/nightwatch/lib/runner/module.js:62:34)
    at /Users/nso4579/Documents/NWProject/NightWatch/node_modules/nightwatch/lib/runner/testcase.js:70:29
    at _fulfilled (/Users/nso4579/Documents/NWProject/NightWatch/node_modules/q/q.js:834:54)
    at self.promiseDispatch.done (/Users/nso4579/Documents/NWProject/NightWatch/node_modules/q/q.js:863:30)
    at Promise.promise.promiseDispatch (/Users/nso4579/Documents/NWProject/NightWatch/node_modules/q/q.js:796:13)
    at /Users/nso4579/Documents/NWProject/NightWatch/node_modules/q/q.js:556:49
    at runSingle (/Users/nso4579/Documents/NWProject/NightWatch/node_modules/q/q.js:137:13)
    at flush (/Users/nso4579/Documents/NWProject/NightWatch/node_modules/q/q.js:125:13)
ERROR: Unable to locate element: &#34;input[name=password]&#34; using: css selector
    at userLogin (/Users/nso4579/Documents/NWProject/NightWatch/pages/utils.js:32:6)
    at Object.login as admin (/Users/nso4579/Documents/NWProject/NightWatch/tests/pflegenzuhause.js:18:20)
    at Module.call (/Users/nso4579/Documents/NWProject/NightWatch/node_modules/nightwatch/lib/runner/module.js:62:34)
    at /Users/nso4579/Documents/NWProject/NightWatch/node_modules/nightwatch/lib/runner/testcase.js:70:29
    at _fulfilled (/Users/nso4579/Documents/NWProject/NightWatch/node_modules/q/q.js:834:54)
    at self.promiseDispatch.done (/Users/nso4579/Documents/NWProject/NightWatch/node_modules/q/q.js:863:30)
    at Promise.promise.promiseDispatch (/Users/nso4579/Documents/NWProject/NightWatch/node_modules/q/q.js:796:13)
    at /Users/nso4579/Documents/NWProject/NightWatch/node_modules/q/q.js:556:49
    at runSingle (/Users/nso4579/Documents/NWProject/NightWatch/node_modules/q/q.js:137:13)
    at flush (/Users/nso4579/Documents/NWProject/NightWatch/node_modules/q/q.js:125:13)
ERROR: Unable to locate element: &#34;input[name=submit]&#34; using: css selector
    at userLogin (/Users/nso4579/Documents/NWProject/NightWatch/pages/utils.js:33:6)
    at Object.login as admin (/Users/nso4579/Documents/NWProject/NightWatch/tests/pflegenzuhause.js:18:20)
    at Module.call (/Users/nso4579/Documents/NWProject/NightWatch/node_modules/nightwatch/lib/runner/module.js:62:34)
    at /Users/nso4579/Documents/NWProject/NightWatch/node_modules/nightwatch/lib/runner/testcase.js:70:29
    at _fulfilled (/Users/nso4579/Documents/NWProject/NightWatch/node_modules/q/q.js:834:54)
    at self.promiseDispatch.done (/Users/nso4579/Documents/NWProject/NightWatch/node_modules/q/q.js:863:30)
    at Promise.promise.promiseDispatch (/Users/nso4579/Documents/NWProject/NightWatch/node_modules/q/q.js:796:13)
    at /Users/nso4579/Documents/NWProject/NightWatch/node_modules/q/q.js:556:49
    at runSingle (/Users/nso4579/Documents/NWProject/NightWatch/node_modules/q/q.js:137:13)
    at flush (/Users/nso4579/Documents/NWProject/NightWatch/node_modules/q/q.js:125:13)
ERROR: Unable to locate element: &#34;input[name=username]&#34; using: css selector
    at userLogin (/Users/nso4579/Documents/NWProject/NightWatch/pages/utils.js:31:6)
    at Object.login as admin (/Users/nso4579/Documents/NWProject/NightWatch/tests/smed.js:18:20)
    at Module.call (/Users/nso4579/Documents/NWProject/NightWatch/node_modules/nightwatch/lib/runner/module.js:62:34)
    at /Users/nso4579/Documents/NWProject/NightWatch/node_modules/nightwatch/lib/runner/testcase.js:70:29
    at _fulfilled (/Users/nso4579/Documents/NWProject/NightWatch/node_modules/q/q.js:834:54)
    at self.promiseDispatch.done (/Users/nso4579/Documents/NWProject/NightWatch/node_modules/q/q.js:863:30)
    at Promise.promise.promiseDispatch (/Users/nso4579/Documents/NWProject/NightWatch/node_modules/q/q.js:796:13)
    at /Users/nso4579/Documents/NWProject/NightWatch/node_modules/q/q.js:556:49
    at runSingle (/Users/nso4579/Documents/NWProject/NightWatch/node_modules/q/q.js:137:13)
    at flush (/Users/nso4579/Documents/NWProject/NightWatch/node_modules/q/q.js:125:13)
ERROR: Unable to locate element: &#34;input[name=password]&#34; using: css selector
    at userLogin (/Users/nso4579/Documents/NWProject/NightWatch/pages/utils.js:32:6)
    at Object.login as admin (/Users/nso4579/Documents/NWProject/NightWatch/tests/smed.js:18:20)
    at Module.call (/Users/nso4579/Documents/NWProject/NightWatch/node_modules/nightwatch/lib/runner/module.js:62:34)
    at /Users/nso4579/Documents/NWProject/NightWatch/node_modules/nightwatch/lib/runner/testcase.js:70:29
    at _fulfilled (/Users/nso4579/Documents/NWProject/NightWatch/node_modules/q/q.js:834:54)
    at self.promiseDispatch.done (/Users/nso4579/Documents/NWProject/NightWatch/node_modules/q/q.js:863:30)
    at Promise.promise.promiseDispatch (/Users/nso4579/Documents/NWProject/NightWatch/node_modules/q/q.js:796:13)
    at /Users/nso4579/Documents/NWProject/NightWatch/node_modules/q/q.js:556:49
    at runSingle (/Users/nso4579/Documents/NWProject/NightWatch/node_modules/q/q.js:137:13)
    at flush (/Users/nso4579/Documents/NWProject/NightWatch/node_modules/q/q.js:125:13)
ERROR: Unable to locate element: &#34;input[name=submit]&#34; using: css selector
    at userLogin (/Users/nso4579/Documents/NWProject/NightWatch/pages/utils.js:33:6)
    at Object.login as admin (/Users/nso4579/Documents/NWProject/NightWatch/tests/smed.js:18:20)
    at Module.call (/Users/nso4579/Documents/NWProject/NightWatch/node_modules/nightwatch/lib/runner/module.js:62:34)
    at /Users/nso4579/Documents/NWProject/NightWatch/node_modules/nightwatch/lib/runner/testcase.js:70:29
    at _fulfilled (/Users/nso4579/Documents/NWProject/NightWatch/node_modules/q/q.js:834:54)
    at self.promiseDispatch.done (/Users/nso4579/Documents/NWProject/NightWatch/node_modules/q/q.js:863:30)
    at Promise.promise.promiseDispatch (/Users/nso4579/Documents/NWProject/NightWatch/node_modules/q/q.js:796:13)
    at /Users/nso4579/Documents/NWProject/NightWatch/node_modules/q/q.js:556:49
    at runSingle (/Users/nso4579/Documents/NWProject/NightWatch/node_modules/q/q.js:137:13)
    at flush (/Users/nso4579/Documents/NWProject/NightWatch/node_modules/q/q.js:125:13)
    </system-err>
  

  
    
    <testcase
      name="Enter Password" classname="Register">
      <skipped />
    </testcase>
    
    <testcase
      name="Enter Salutation * " classname="Register">
      <skipped />
    </testcase>
    
    <testcase
      name="Enter Title Prefix" classname="Register">
      <skipped />
    </testcase>
    
    <testcase
      name="Enter Title Sufix" classname="Register">
      <skipped />
    </testcase>
    
    <testcase
      name="Enter First Name" classname="Register">
      <skipped />
    </testcase>
    
    <testcase
      name="Enter Last Name" classname="Register">
      <skipped />
    </testcase>
    
    <testcase
      name="Enter Date Of Birth" classname="Register">
      <skipped />
    </testcase>
    
    <testcase
      name="Enter Street" classname="Register">
      <skipped />
    </testcase>
    
    <testcase
      name="Enter Houseno" classname="Register">
      <skipped />
    </testcase>
    
    <testcase
      name="Enter Addition house no Information" classname="Register">
      <skipped />
    </testcase>
    
    <testcase
      name="Enter Postal Code" classname="Register">
      <skipped />
    </testcase>
    
    <testcase
      name="Enter City" classname="Register">
      <skipped />
    </testcase>
    
    <testcase
      name="Enter Country" classname="Register">
      <skipped />
    </testcase>
    
    <testcase
      name="Enter Job" classname="Register">
      <skipped />
    </testcase>
    
    <testcase
      name="Enter Work Area" classname="Register">
      <skipped />
    </testcase>
    
    <testcase
      name="Checkbox first" classname="Register">
      <skipped />
    </testcase>
    
    <testcase
      name="click on submit" classname="Register">
      <skipped />
    </testcase>
    
  
  </testsuite>
</testsuites>
