<?xml version="1.0" encoding="UTF-8" ?>
<testsuites errors="0"
            failures="0"
            tests="15">

  <testsuite name="SMED"
    errors="0" failures="0" hostname="" id="" package="SMED" skipped="0"
    tests="15" time="159.6" timestamp="Thu, 04 Oct 2018 10:07:29 GMT">
  
    <testcase name="Verifying Login For SpringerMedizin " classname="SMED" time="34.62" assertions="1">

    
    </testcase>
  
    <testcase name="Verifying CME , List of all Course" classname="SMED" time="29.78" assertions="2">

    

    
    </testcase>
  
    <testcase name="Verifying Course Title on Overview Page" classname="SMED" time="1.016" assertions="1">

    
    </testcase>
  
    <testcase name="Verifying Course Start on Detail Page" classname="SMED" time="3.151" assertions="1">

    
    </testcase>
  
    <testcase name="Switch Window" classname="SMED" time="0.02300" assertions="0">
    </testcase>
  
    <testcase name="Verify Course Icon at Top" classname="SMED" time="6.401" assertions="1">

    
    </testcase>
  
    <testcase name="Verify CME-Fragebogan " classname="SMED" time="3.645" assertions="1">

    
    </testcase>
  
    <testcase name="Verify Question And Answers 2" classname="SMED" time="10.15" assertions="1">

    
    </testcase>
  
    <testcase name="Verify Question And Answers 3" classname="SMED" time="10.11" assertions="1">

    
    </testcase>
  
    <testcase name="Verify Question And Answers 4" classname="SMED" time="10.13" assertions="1">

    
    </testcase>
  
    <testcase name="Verify Question And Answers 5" classname="SMED" time="10.10" assertions="1">

    
    </testcase>
  
    <testcase name="Verify Question And Answers 6" classname="SMED" time="10.10" assertions="1">

    
    </testcase>
  
    <testcase name="Verify Question And Answers 7" classname="SMED" time="10.10" assertions="1">

    
    </testcase>
  
    <testcase name="Verify Question And Answers 8" classname="SMED" time="10.15" assertions="1">

    
    </testcase>
  
    <testcase name="Verify Question And Answers 9" classname="SMED" time="10.13" assertions="1">

    
    </testcase>
  

  

  
  </testsuite>
</testsuites>
