<?xml version="1.0" encoding="UTF-8" ?>
<testsuites errors="0"
            failures="0"
            tests="3">

  <testsuite name="macmillian"
    errors="0" failures="0" hostname="" id="" package="macmillian" skipped="0"
    tests="3" time="26.11" timestamp="Thu, 10 Jan 2019 06:47:52 GMT">
  
    <testcase name="Close Cookie Bar" classname="macmillian" time="11.24" assertions="2">

    

    
    </testcase>
  
    <testcase name="Go to login page" classname="macmillian" time="4.317" assertions="1">

    
    </testcase>
  
    <testcase name="login as admin" classname="macmillian" time="10.55" assertions="0">
    </testcase>
  

  

  
  </testsuite>
</testsuites>
