<?xml version="1.0" encoding="UTF-8" ?>
<testsuites errors="0"
            failures="1"
            tests="1">

  <testsuite name="search"
    errors="0" failures="1" hostname="" id="" package="search" skipped="0"
    tests="1" time="9.565" timestamp="Wed, 02 Jan 2019 09:32:08 GMT">
  
    <testcase name="Search for Keyword" classname="search" time="9.565" assertions="1">  <failure message="Timed out while waiting for element &lt;body&gt; to be present for 7000 milliseconds.">    at openBrowser (/Users/nso4579/Documents/NWProject/NightWatch/pages/utils.js:12:6)
    at Object.before (/Users/nso4579/Documents/NWProject/NightWatch/tests/search.js:9:20)</failure>

    
    </testcase>
  

  

  
  </testsuite>
</testsuites>
