<?xml version="1.0" encoding="UTF-8" ?>
<testsuites errors="0"
            failures="0"
            tests="15">

  <testsuite name="SMED"
    errors="0" failures="0" hostname="" id="" package="SMED" skipped="0"
    tests="15" time="72.39" timestamp="Fri, 12 Oct 2018 05:32:10 GMT">
  
    <testcase name="Verifying Login For SpringerMedizin " classname="SMED" time="34.03" assertions="1">

    
    </testcase>
  
    <testcase name="Verifying CME , List of all Course" classname="SMED" time="22.99" assertions="2">

    

    
    </testcase>
  
    <testcase name="Verifying Course Title on Overview Page" classname="SMED" time="0.9790" assertions="1">

    
    </testcase>
  
    <testcase name="Verifying Course Start on Detail Page" classname="SMED" time="3.145" assertions="1">

    
    </testcase>
  
    <testcase name="Switch Window" classname="SMED" time="0.3180" assertions="0">
    </testcase>
  
    <testcase name="Verify Course Icon at Top" classname="SMED" time="6.249" assertions="1">

    
    </testcase>
  
    <testcase name="Verify CME-Fragebogan " classname="SMED" time="3.633" assertions="1">

    
    </testcase>
  
    <testcase name="Verify Question And Answers 2" classname="SMED" time="0.1460" assertions="1">

    
    </testcase>
  
    <testcase name="Verify Question And Answers 3" classname="SMED" time="0.1020" assertions="1">

    
    </testcase>
  
    <testcase name="Verify Question And Answers 4" classname="SMED" time="0.1320" assertions="1">

    
    </testcase>
  
    <testcase name="Verify Question And Answers 5" classname="SMED" time="0.1170" assertions="1">

    
    </testcase>
  
    <testcase name="Verify Question And Answers 6" classname="SMED" time="0.1570" assertions="1">

    
    </testcase>
  
    <testcase name="Verify Question And Answers 7" classname="SMED" time="0.1020" assertions="1">

    
    </testcase>
  
    <testcase name="Verify Question And Answers 8" classname="SMED" time="0.1390" assertions="1">

    
    </testcase>
  
    <testcase name="Verify Question And Answers 9" classname="SMED" time="0.1510" assertions="1">

    
    </testcase>
  

  

  
  </testsuite>
</testsuites>
