<?xml version="1.0" encoding="UTF-8" ?>
<testsuites errors="0"
            failures="0"
            tests="2">

  <testsuite name="login"
    errors="0" failures="0" hostname="" id="" package="login" skipped="0"
    tests="2" time="111.2" timestamp="Thu, 29 Nov 2018 06:03:12 GMT">
  
    <testcase name="Go to login page" classname="login" time="69.62" assertions="2">

    

    
    </testcase>
  
    <testcase name="login as admin" classname="login" time="41.60" assertions="1">

    
    </testcase>
  

  

  
  </testsuite>
</testsuites>
