<?xml version="1.0" encoding="UTF-8" ?>
<testsuites errors="0"
            failures="1"
            tests="3">

  <testsuite name="spflege"
    errors="0" failures="1" hostname="" id="" package="spflege" skipped="0"
    tests="3" time="71.22" timestamp="Thu, 10 Jan 2019 08:12:35 GMT">
  
    <testcase name="Close Cookie Bar" classname="spflege" time="48.33" assertions="2">

      <failure message="Timed out while waiting for element &lt;(//div[@class=&#39;optanon-alert-box-button-middle&#39;])[2]&gt; to be present for 7000 milliseconds.">    at closeCookieBar (/Users/nso4579/Documents/NWProject/NightWatch/pages/utils.js:25:13)
    at Object.Close Cookie Bar (/Users/nso4579/Documents/NWProject/NightWatch/tests/spflege.js:13:16)</failure>

    
    </testcase>
  
    <testcase name="Go to login page" classname="spflege" time="4.811" assertions="1">

    
    </testcase>
  
    <testcase name="login as admin" classname="spflege" time="18.09" assertions="0">
    </testcase>
  

  

  
  </testsuite>
</testsuites>
