<?xml version="1.0" encoding="UTF-8" ?>
<testsuites errors="0"
            failures="0"
            tests="0">

  <testsuite name="demo"
    errors="0" failures="0" hostname="" id="" package="demo" skipped="0"
    tests="0" time="0.000" timestamp="Wed, 09 Jan 2019 09:01:52 GMT">
  

  
    <system-err>
      ERROR: Unable to locate element: &#34;.webform__select[name=&#39;professionData.professionGroup&#39;]&#39;&#34; using: css selector
    at job (/Users/nso4579/Documents/NWProject/NightWatch/pages/RegisterPage.js:142:10)
    at Object.Enter Job (/Users/nso4579/Documents/NWProject/NightWatch/tests/Register.js:85:22)
    at Module.call (/usr/local/lib/node_modules/nightwatch/lib/runner/module.js:62:34)
    at /usr/local/lib/node_modules/nightwatch/lib/runner/testcase.js:70:29
    at _fulfilled (/usr/local/lib/node_modules/nightwatch/node_modules/q/q.js:834:54)
    at self.promiseDispatch.done (/usr/local/lib/node_modules/nightwatch/node_modules/q/q.js:863:30)
    at Promise.promise.promiseDispatch (/usr/local/lib/node_modules/nightwatch/node_modules/q/q.js:796:13)
    at /usr/local/lib/node_modules/nightwatch/node_modules/q/q.js:556:49
    at runSingle (/usr/local/lib/node_modules/nightwatch/node_modules/q/q.js:137:13)
    at flush (/usr/local/lib/node_modules/nightwatch/node_modules/q/q.js:125:13)
ERROR: Unable to locate element: &#34;.webform__select[name=&#39;professionData.professionGroup&#39;]&#39;&#34; using: css selector
    at job (/Users/nso4579/Documents/NWProject/NightWatch/pages/RegisterPage.js:144:10)
    at Object.Enter Job (/Users/nso4579/Documents/NWProject/NightWatch/tests/Register.js:85:22)
    at Module.call (/usr/local/lib/node_modules/nightwatch/lib/runner/module.js:62:34)
    at /usr/local/lib/node_modules/nightwatch/lib/runner/testcase.js:70:29
    at _fulfilled (/usr/local/lib/node_modules/nightwatch/node_modules/q/q.js:834:54)
    at self.promiseDispatch.done (/usr/local/lib/node_modules/nightwatch/node_modules/q/q.js:863:30)
    at Promise.promise.promiseDispatch (/usr/local/lib/node_modules/nightwatch/node_modules/q/q.js:796:13)
    at /usr/local/lib/node_modules/nightwatch/node_modules/q/q.js:556:49
    at runSingle (/usr/local/lib/node_modules/nightwatch/node_modules/q/q.js:137:13)
    at flush (/usr/local/lib/node_modules/nightwatch/node_modules/q/q.js:125:13)
ERROR: Unable to locate element: &#34;input[name=username]&#34; using: css selector
    at userLogin (/Users/nso4579/Documents/NWProject/NightWatch/pages/utils.js:51:6)
    at Object.login as admin (/Users/nso4579/Documents/NWProject/NightWatch/tests/mmdiabetes.js:18:20)
    at Module.call (/usr/local/lib/node_modules/nightwatch/lib/runner/module.js:62:34)
    at /usr/local/lib/node_modules/nightwatch/lib/runner/testcase.js:70:29
    at _fulfilled (/usr/local/lib/node_modules/nightwatch/node_modules/q/q.js:834:54)
    at self.promiseDispatch.done (/usr/local/lib/node_modules/nightwatch/node_modules/q/q.js:863:30)
    at Promise.promise.promiseDispatch (/usr/local/lib/node_modules/nightwatch/node_modules/q/q.js:796:13)
    at /usr/local/lib/node_modules/nightwatch/node_modules/q/q.js:556:49
    at runSingle (/usr/local/lib/node_modules/nightwatch/node_modules/q/q.js:137:13)
    at flush (/usr/local/lib/node_modules/nightwatch/node_modules/q/q.js:125:13)
ERROR: Unable to locate element: &#34;input[name=password]&#34; using: css selector
    at userLogin (/Users/nso4579/Documents/NWProject/NightWatch/pages/utils.js:52:6)
    at Object.login as admin (/Users/nso4579/Documents/NWProject/NightWatch/tests/mmdiabetes.js:18:20)
    at Module.call (/usr/local/lib/node_modules/nightwatch/lib/runner/module.js:62:34)
    at /usr/local/lib/node_modules/nightwatch/lib/runner/testcase.js:70:29
    at _fulfilled (/usr/local/lib/node_modules/nightwatch/node_modules/q/q.js:834:54)
    at self.promiseDispatch.done (/usr/local/lib/node_modules/nightwatch/node_modules/q/q.js:863:30)
    at Promise.promise.promiseDispatch (/usr/local/lib/node_modules/nightwatch/node_modules/q/q.js:796:13)
    at /usr/local/lib/node_modules/nightwatch/node_modules/q/q.js:556:49
    at runSingle (/usr/local/lib/node_modules/nightwatch/node_modules/q/q.js:137:13)
    at flush (/usr/local/lib/node_modules/nightwatch/node_modules/q/q.js:125:13)
ERROR: Unable to locate element: &#34;input[name=submit]&#34; using: css selector
    at userLogin (/Users/nso4579/Documents/NWProject/NightWatch/pages/utils.js:53:6)
    at Object.login as admin (/Users/nso4579/Documents/NWProject/NightWatch/tests/mmdiabetes.js:18:20)
    at Module.call (/usr/local/lib/node_modules/nightwatch/lib/runner/module.js:62:34)
    at /usr/local/lib/node_modules/nightwatch/lib/runner/testcase.js:70:29
    at _fulfilled (/usr/local/lib/node_modules/nightwatch/node_modules/q/q.js:834:54)
    at self.promiseDispatch.done (/usr/local/lib/node_modules/nightwatch/node_modules/q/q.js:863:30)
    at Promise.promise.promiseDispatch (/usr/local/lib/node_modules/nightwatch/node_modules/q/q.js:796:13)
    at /usr/local/lib/node_modules/nightwatch/node_modules/q/q.js:556:49
    at runSingle (/usr/local/lib/node_modules/nightwatch/node_modules/q/q.js:137:13)
    at flush (/usr/local/lib/node_modules/nightwatch/node_modules/q/q.js:125:13)
    </system-err>
  

  
  </testsuite>
</testsuites>
