<?xml version="1.0" encoding="UTF-8" ?>
<testsuites errors="0"
            failures="0"
            tests="2">

  <testsuite name="login"
    errors="0" failures="0" hostname="" id="" package="login" skipped="0"
    tests="2" time="200.0" timestamp="Tue, 27 Nov 2018 12:30:28 GMT">
  
    <testcase name="Go to login page" classname="login" time="129.2" assertions="2">

    

    
    </testcase>
  
    <testcase name="login as admin" classname="login" time="70.86" assertions="1">

    
    </testcase>
  

  

  
  </testsuite>
</testsuites>
