<?xml version="1.0" encoding="UTF-8" ?>
<testsuites errors="0"
            failures="0"
            tests="3">

  <testsuite name="mmdiabetes"
    errors="0" failures="0" hostname="" id="" package="mmdiabetes" skipped="0"
    tests="3" time="32.24" timestamp="Thu, 10 Jan 2019 06:45:34 GMT">
  
    <testcase name="Close Cookie Bar" classname="mmdiabetes" time="17.09" assertions="2">

    

    
    </testcase>
  
    <testcase name="Go to login page" classname="mmdiabetes" time="4.090" assertions="1">

    
    </testcase>
  
    <testcase name="login as admin" classname="mmdiabetes" time="11.06" assertions="0">
    </testcase>
  

  

  
  </testsuite>
</testsuites>
