<?xml version="1.0" encoding="UTF-8" ?>
<testsuites errors="2"
            failures="0"
            tests="18">

  <testsuite name="Register"
    errors="2" failures="0" hostname="" id="" package="Register" skipped="0"
    tests="18" time="80.85" timestamp="Fri, 07 Dec 2018 09:25:41 GMT">
  
    <testcase name="Enter Email Address" classname="Register" time="18.34" assertions="1">

    
    </testcase>
  
    <testcase name="Enter Password" classname="Register" time="0.1180" assertions="1">

    
    </testcase>
  
    <testcase name="Enter Salutation * " classname="Register" time="4.745" assertions="1">

    
    </testcase>
  
    <testcase name="Enter Title Prefix" classname="Register" time="3.751" assertions="1">

    
    </testcase>
  
    <testcase name="Enter Title Sufix" classname="Register" time="3.714" assertions="1">

    
    </testcase>
  
    <testcase name="Enter First Name" classname="Register" time="3.110" assertions="1">

    
    </testcase>
  
    <testcase name="Enter Last Name" classname="Register" time="3.121" assertions="1">

    
    </testcase>
  
    <testcase name="Enter Date Of Birth" classname="Register" time="3.124" assertions="1">

    
    </testcase>
  
    <testcase name="Enter Street" classname="Register" time="3.254" assertions="1">

    
    </testcase>
  
    <testcase name="Enter Houseno" classname="Register" time="3.101" assertions="1">

    
    </testcase>
  
    <testcase name="Enter Addition house no Information" classname="Register" time="3.200" assertions="1">

    
    </testcase>
  
    <testcase name="Enter Postal Code" classname="Register" time="3.109" assertions="1">

    
    </testcase>
  
    <testcase name="Enter City" classname="Register" time="3.103" assertions="1">

    
    </testcase>
  
    <testcase name="Enter Country" classname="Register" time="4.734" assertions="1">

    
    </testcase>
  
    <testcase name="Enter Job" classname="Register" time="6.125" assertions="1">

    
    </testcase>
  
    <testcase name="Enter Work Area" classname="Register" time="6.719" assertions="1">

    
    </testcase>
  
    <testcase name="Checkbox first" classname="Register" time="0.1100" assertions="1">

    
    </testcase>
  
    <testcase name="click on submit" classname="Register" time="7.372" assertions="1">

    
    </testcase>
  

  
    <system-err>
      ERROR: Unable to locate element: &#34;.webform__select[name=&#39;professionData.professionGroup&#39;]&#39;&#34; using: css selector
    at job (/Users/nso4579/Documents/NWProject/NightWatch/pages/RegisterPage.js:142:10)
    at Object.Enter Job (/Users/nso4579/Documents/NWProject/NightWatch/tests/Register.js:85:22)
    at Module.call (/usr/local/lib/node_modules/nightwatch/lib/runner/module.js:62:34)
    at /usr/local/lib/node_modules/nightwatch/lib/runner/testcase.js:70:29
    at _fulfilled (/usr/local/lib/node_modules/nightwatch/node_modules/q/q.js:834:54)
    at self.promiseDispatch.done (/usr/local/lib/node_modules/nightwatch/node_modules/q/q.js:863:30)
    at Promise.promise.promiseDispatch (/usr/local/lib/node_modules/nightwatch/node_modules/q/q.js:796:13)
    at /usr/local/lib/node_modules/nightwatch/node_modules/q/q.js:556:49
    at runSingle (/usr/local/lib/node_modules/nightwatch/node_modules/q/q.js:137:13)
    at flush (/usr/local/lib/node_modules/nightwatch/node_modules/q/q.js:125:13)
ERROR: Unable to locate element: &#34;.webform__select[name=&#39;professionData.professionGroup&#39;]&#39;&#34; using: css selector
    at job (/Users/nso4579/Documents/NWProject/NightWatch/pages/RegisterPage.js:144:10)
    at Object.Enter Job (/Users/nso4579/Documents/NWProject/NightWatch/tests/Register.js:85:22)
    at Module.call (/usr/local/lib/node_modules/nightwatch/lib/runner/module.js:62:34)
    at /usr/local/lib/node_modules/nightwatch/lib/runner/testcase.js:70:29
    at _fulfilled (/usr/local/lib/node_modules/nightwatch/node_modules/q/q.js:834:54)
    at self.promiseDispatch.done (/usr/local/lib/node_modules/nightwatch/node_modules/q/q.js:863:30)
    at Promise.promise.promiseDispatch (/usr/local/lib/node_modules/nightwatch/node_modules/q/q.js:796:13)
    at /usr/local/lib/node_modules/nightwatch/node_modules/q/q.js:556:49
    at runSingle (/usr/local/lib/node_modules/nightwatch/node_modules/q/q.js:137:13)
    at flush (/usr/local/lib/node_modules/nightwatch/node_modules/q/q.js:125:13)
    </system-err>
  

  
  </testsuite>
</testsuites>
