<?xml version="1.0" encoding="UTF-8" ?>
<testsuites errors="0"
            failures="1"
            tests="15">

  <testsuite name="Register"
    errors="0" failures="1" hostname="" id="" package="Register" skipped="0"
    tests="15" time="88.65" timestamp="Wed, 05 Dec 2018 09:20:20 GMT">
  
    <testcase name="Enter Email Address" classname="Register" time="10.38" assertions="1">

    
    </testcase>
  
    <testcase name="Enter Password" classname="Register" time="0.1210" assertions="1">

    
    </testcase>
  
    <testcase name="Enter Salutation * " classname="Register" time="14.85" assertions="1">

    
    </testcase>
  
    <testcase name="Enter Title Prefix" classname="Register" time="13.87" assertions="1">

    
    </testcase>
  
    <testcase name="Enter Title Sufix" classname="Register" time="13.43" assertions="1">

    
    </testcase>
  
    <testcase name="Enter First Name" classname="Register" time="3.358" assertions="1">

    
    </testcase>
  
    <testcase name="Enter Last Name" classname="Register" time="3.121" assertions="1">

    
    </testcase>
  
    <testcase name="Enter Date Of Birth" classname="Register" time="3.126" assertions="1">

    
    </testcase>
  
    <testcase name="Enter Street" classname="Register" time="3.250" assertions="1">

    
    </testcase>
  
    <testcase name="Enter Houseno" classname="Register" time="3.237" assertions="1">

    
    </testcase>
  
    <testcase name="Enter Addition house no Information" classname="Register" time="3.195" assertions="1">

    
    </testcase>
  
    <testcase name="Enter Postal Code" classname="Register" time="3.103" assertions="1">

    
    </testcase>
  
    <testcase name="Enter City" classname="Register" time="3.101" assertions="1">

    
    </testcase>
  
    <testcase name="Enter Country" classname="Register" time="4.741" assertions="1">

    
    </testcase>
  
    <testcase name="Enter Job" classname="Register" time="5.773" assertions="1">  <failure message="Timed out while waiting for element &lt;//*[@id=&#34;main&#34;]/div[1]/div/div/form/div[26]/div/select&gt; to be present for 5000 milliseconds.">    at job (/Users/nso4579/Documents/NWProject/NightWatch/pages/RegisterPage.js:140:10)
    at Object.Enter Job (/Users/nso4579/Documents/NWProject/NightWatch/tests/Register.js:84:23)</failure>

    
    </testcase>
  

  

  
  </testsuite>
</testsuites>
