<?xml version="1.0" encoding="UTF-8" ?>
<testsuites errors="0"
            failures="1"
            tests="18">

  <testsuite name="Register"
    errors="0" failures="1" hostname="" id="" package="Register" skipped="13"
    tests="18" time="27.79" timestamp="Thu, 17 Jan 2019 06:17:08 GMT">
  
    <testcase name="Enter Email Address" classname="Register" time="10.45" assertions="1">

    
    </testcase>
  
    <testcase name="Enter Password" classname="Register" time="0.1270" assertions="1">

    
    </testcase>
  
    <testcase name="Enter Salutation * " classname="Register" time="4.711" assertions="1">

    
    </testcase>
  
    <testcase name="Enter Title Prefix" classname="Register" time="3.736" assertions="1">

    
    </testcase>
  
    <testcase name="Enter Title Sufix" classname="Register" time="8.767" assertions="1">  <failure message="Timed out while waiting for element &lt;#mwf43&gt; to be present for 5000 milliseconds.">    at titleSufix (/Users/nso4579/Documents/NWProject/NightWatch/pages/RegisterPage.js:51:10)
    at Object.Enter Title Sufix (/Users/nso4579/Documents/NWProject/NightWatch/tests/Register.js:32:23)</failure>

    
    </testcase>
  

  

  
    
    <testcase
      name="Enter First Name" classname="Register">
      <skipped />
    </testcase>
    
    <testcase
      name="Enter Last Name" classname="Register">
      <skipped />
    </testcase>
    
    <testcase
      name="Enter Date Of Birth" classname="Register">
      <skipped />
    </testcase>
    
    <testcase
      name="Enter Street" classname="Register">
      <skipped />
    </testcase>
    
    <testcase
      name="Enter Houseno" classname="Register">
      <skipped />
    </testcase>
    
    <testcase
      name="Enter Addition house no Information" classname="Register">
      <skipped />
    </testcase>
    
    <testcase
      name="Enter Postal Code" classname="Register">
      <skipped />
    </testcase>
    
    <testcase
      name="Enter City" classname="Register">
      <skipped />
    </testcase>
    
    <testcase
      name="Enter Country" classname="Register">
      <skipped />
    </testcase>
    
    <testcase
      name="Enter Job" classname="Register">
      <skipped />
    </testcase>
    
    <testcase
      name="Enter Work Area" classname="Register">
      <skipped />
    </testcase>
    
    <testcase
      name="Checkbox first" classname="Register">
      <skipped />
    </testcase>
    
    <testcase
      name="click on submit" classname="Register">
      <skipped />
    </testcase>
    
  
  </testsuite>
</testsuites>
