<?xml version="1.0" encoding="UTF-8" ?>
<testsuites errors="0"
            failures="0"
            tests="3">

  <testsuite name="spflege"
    errors="0" failures="0" hostname="" id="" package="spflege" skipped="0"
    tests="3" time="36.05" timestamp="Thu, 10 Jan 2019 06:48:40 GMT">
  
    <testcase name="Close Cookie Bar" classname="spflege" time="18.59" assertions="2">

    

    
    </testcase>
  
    <testcase name="Go to login page" classname="spflege" time="4.866" assertions="1">

    
    </testcase>
  
    <testcase name="login as admin" classname="spflege" time="12.59" assertions="0">
    </testcase>
  

  

  
  </testsuite>
</testsuites>
