<?xml version="1.0" encoding="UTF-8" ?>
<testsuites errors="0"
            failures="0"
            tests="3">

  <testsuite name="smed"
    errors="0" failures="0" hostname="" id="" package="smed" skipped="0"
    tests="3" time="37.58" timestamp="Thu, 10 Jan 2019 06:38:44 GMT">
  
    <testcase name="Close Cookie Bar" classname="smed" time="20.88" assertions="2">

    

    
    </testcase>
  
    <testcase name="Go to login page" classname="smed" time="5.041" assertions="1">

    
    </testcase>
  
    <testcase name="login as admin" classname="smed" time="11.66" assertions="0">
    </testcase>
  

  

  
  </testsuite>
</testsuites>
