<?xml version="1.0" encoding="UTF-8" ?>
<testsuites errors="3"
            failures="0"
            tests="2">

  <testsuite name="mmremutology"
    errors="3" failures="0" hostname="" id="" package="mmremutology" skipped="0"
    tests="2" time="15.61" timestamp="Mon, 10 Dec 2018 10:58:06 GMT">
  
    <testcase name="Go to login page" classname="mmremutology" time="9.551" assertions="2">

    

    
    </testcase>
  
    <testcase name="login as admin" classname="mmremutology" time="6.057" assertions="0">
    </testcase>
  

  
    <system-err>
      ERROR: Unable to locate element: &#34;.webform__select[name=&#39;professionData.professionGroup&#39;]&#39;&#34; using: css selector
    at job (/Users/nso4579/Documents/NWProject/NightWatch/pages/RegisterPage.js:142:10)
    at Object.Enter Job (/Users/nso4579/Documents/NWProject/NightWatch/tests/Register.js:85:22)
    at Module.call (/Users/nso4579/Documents/NWProject/NightWatch/node_modules/nightwatch/lib/runner/module.js:62:34)
    at /Users/nso4579/Documents/NWProject/NightWatch/node_modules/nightwatch/lib/runner/testcase.js:70:29
    at _fulfilled (/Users/nso4579/Documents/NWProject/NightWatch/node_modules/q/q.js:834:54)
    at self.promiseDispatch.done (/Users/nso4579/Documents/NWProject/NightWatch/node_modules/q/q.js:863:30)
    at Promise.promise.promiseDispatch (/Users/nso4579/Documents/NWProject/NightWatch/node_modules/q/q.js:796:13)
    at /Users/nso4579/Documents/NWProject/NightWatch/node_modules/q/q.js:556:49
    at runSingle (/Users/nso4579/Documents/NWProject/NightWatch/node_modules/q/q.js:137:13)
    at flush (/Users/nso4579/Documents/NWProject/NightWatch/node_modules/q/q.js:125:13)
ERROR: Unable to locate element: &#34;.webform__select[name=&#39;professionData.professionGroup&#39;]&#39;&#34; using: css selector
    at job (/Users/nso4579/Documents/NWProject/NightWatch/pages/RegisterPage.js:144:10)
    at Object.Enter Job (/Users/nso4579/Documents/NWProject/NightWatch/tests/Register.js:85:22)
    at Module.call (/Users/nso4579/Documents/NWProject/NightWatch/node_modules/nightwatch/lib/runner/module.js:62:34)
    at /Users/nso4579/Documents/NWProject/NightWatch/node_modules/nightwatch/lib/runner/testcase.js:70:29
    at _fulfilled (/Users/nso4579/Documents/NWProject/NightWatch/node_modules/q/q.js:834:54)
    at self.promiseDispatch.done (/Users/nso4579/Documents/NWProject/NightWatch/node_modules/q/q.js:863:30)
    at Promise.promise.promiseDispatch (/Users/nso4579/Documents/NWProject/NightWatch/node_modules/q/q.js:796:13)
    at /Users/nso4579/Documents/NWProject/NightWatch/node_modules/q/q.js:556:49
    at runSingle (/Users/nso4579/Documents/NWProject/NightWatch/node_modules/q/q.js:137:13)
    at flush (/Users/nso4579/Documents/NWProject/NightWatch/node_modules/q/q.js:125:13)
ERROR: Unable to locate element: &#34;input[name=username]&#34; using: css selector
    at userLogin (/Users/nso4579/Documents/NWProject/NightWatch/pages/utils.js:31:6)
    at Object.login as admin (/Users/nso4579/Documents/NWProject/NightWatch/tests/bsl.js:18:20)
    at Module.call (/Users/nso4579/Documents/NWProject/NightWatch/node_modules/nightwatch/lib/runner/module.js:62:34)
    at /Users/nso4579/Documents/NWProject/NightWatch/node_modules/nightwatch/lib/runner/testcase.js:70:29
    at _fulfilled (/Users/nso4579/Documents/NWProject/NightWatch/node_modules/q/q.js:834:54)
    at self.promiseDispatch.done (/Users/nso4579/Documents/NWProject/NightWatch/node_modules/q/q.js:863:30)
    at Promise.promise.promiseDispatch (/Users/nso4579/Documents/NWProject/NightWatch/node_modules/q/q.js:796:13)
    at /Users/nso4579/Documents/NWProject/NightWatch/node_modules/q/q.js:556:49
    at runSingle (/Users/nso4579/Documents/NWProject/NightWatch/node_modules/q/q.js:137:13)
    at flush (/Users/nso4579/Documents/NWProject/NightWatch/node_modules/q/q.js:125:13)
ERROR: Unable to locate element: &#34;input[name=password]&#34; using: css selector
    at userLogin (/Users/nso4579/Documents/NWProject/NightWatch/pages/utils.js:32:6)
    at Object.login as admin (/Users/nso4579/Documents/NWProject/NightWatch/tests/bsl.js:18:20)
    at Module.call (/Users/nso4579/Documents/NWProject/NightWatch/node_modules/nightwatch/lib/runner/module.js:62:34)
    at /Users/nso4579/Documents/NWProject/NightWatch/node_modules/nightwatch/lib/runner/testcase.js:70:29
    at _fulfilled (/Users/nso4579/Documents/NWProject/NightWatch/node_modules/q/q.js:834:54)
    at self.promiseDispatch.done (/Users/nso4579/Documents/NWProject/NightWatch/node_modules/q/q.js:863:30)
    at Promise.promise.promiseDispatch (/Users/nso4579/Documents/NWProject/NightWatch/node_modules/q/q.js:796:13)
    at /Users/nso4579/Documents/NWProject/NightWatch/node_modules/q/q.js:556:49
    at runSingle (/Users/nso4579/Documents/NWProject/NightWatch/node_modules/q/q.js:137:13)
    at flush (/Users/nso4579/Documents/NWProject/NightWatch/node_modules/q/q.js:125:13)
ERROR: Unable to locate element: &#34;input[name=submit]&#34; using: css selector
    at userLogin (/Users/nso4579/Documents/NWProject/NightWatch/pages/utils.js:33:6)
    at Object.login as admin (/Users/nso4579/Documents/NWProject/NightWatch/tests/bsl.js:18:20)
    at Module.call (/Users/nso4579/Documents/NWProject/NightWatch/node_modules/nightwatch/lib/runner/module.js:62:34)
    at /Users/nso4579/Documents/NWProject/NightWatch/node_modules/nightwatch/lib/runner/testcase.js:70:29
    at _fulfilled (/Users/nso4579/Documents/NWProject/NightWatch/node_modules/q/q.js:834:54)
    at self.promiseDispatch.done (/Users/nso4579/Documents/NWProject/NightWatch/node_modules/q/q.js:863:30)
    at Promise.promise.promiseDispatch (/Users/nso4579/Documents/NWProject/NightWatch/node_modules/q/q.js:796:13)
    at /Users/nso4579/Documents/NWProject/NightWatch/node_modules/q/q.js:556:49
    at runSingle (/Users/nso4579/Documents/NWProject/NightWatch/node_modules/q/q.js:137:13)
    at flush (/Users/nso4579/Documents/NWProject/NightWatch/node_modules/q/q.js:125:13)
ERROR: Unable to locate element: &#34;input[name=username]&#34; using: css selector
    at userLogin (/Users/nso4579/Documents/NWProject/NightWatch/pages/utils.js:31:6)
    at Object.login as admin (/Users/nso4579/Documents/NWProject/NightWatch/tests/macmillian.js:18:20)
    at Module.call (/Users/nso4579/Documents/NWProject/NightWatch/node_modules/nightwatch/lib/runner/module.js:62:34)
    at /Users/nso4579/Documents/NWProject/NightWatch/node_modules/nightwatch/lib/runner/testcase.js:70:29
    at _fulfilled (/Users/nso4579/Documents/NWProject/NightWatch/node_modules/q/q.js:834:54)
    at self.promiseDispatch.done (/Users/nso4579/Documents/NWProject/NightWatch/node_modules/q/q.js:863:30)
    at Promise.promise.promiseDispatch (/Users/nso4579/Documents/NWProject/NightWatch/node_modules/q/q.js:796:13)
    at /Users/nso4579/Documents/NWProject/NightWatch/node_modules/q/q.js:556:49
    at runSingle (/Users/nso4579/Documents/NWProject/NightWatch/node_modules/q/q.js:137:13)
    at flush (/Users/nso4579/Documents/NWProject/NightWatch/node_modules/q/q.js:125:13)
ERROR: Unable to locate element: &#34;input[name=password]&#34; using: css selector
    at userLogin (/Users/nso4579/Documents/NWProject/NightWatch/pages/utils.js:32:6)
    at Object.login as admin (/Users/nso4579/Documents/NWProject/NightWatch/tests/macmillian.js:18:20)
    at Module.call (/Users/nso4579/Documents/NWProject/NightWatch/node_modules/nightwatch/lib/runner/module.js:62:34)
    at /Users/nso4579/Documents/NWProject/NightWatch/node_modules/nightwatch/lib/runner/testcase.js:70:29
    at _fulfilled (/Users/nso4579/Documents/NWProject/NightWatch/node_modules/q/q.js:834:54)
    at self.promiseDispatch.done (/Users/nso4579/Documents/NWProject/NightWatch/node_modules/q/q.js:863:30)
    at Promise.promise.promiseDispatch (/Users/nso4579/Documents/NWProject/NightWatch/node_modules/q/q.js:796:13)
    at /Users/nso4579/Documents/NWProject/NightWatch/node_modules/q/q.js:556:49
    at runSingle (/Users/nso4579/Documents/NWProject/NightWatch/node_modules/q/q.js:137:13)
    at flush (/Users/nso4579/Documents/NWProject/NightWatch/node_modules/q/q.js:125:13)
ERROR: Unable to locate element: &#34;input[name=submit]&#34; using: css selector
    at userLogin (/Users/nso4579/Documents/NWProject/NightWatch/pages/utils.js:33:6)
    at Object.login as admin (/Users/nso4579/Documents/NWProject/NightWatch/tests/macmillian.js:18:20)
    at Module.call (/Users/nso4579/Documents/NWProject/NightWatch/node_modules/nightwatch/lib/runner/module.js:62:34)
    at /Users/nso4579/Documents/NWProject/NightWatch/node_modules/nightwatch/lib/runner/testcase.js:70:29
    at _fulfilled (/Users/nso4579/Documents/NWProject/NightWatch/node_modules/q/q.js:834:54)
    at self.promiseDispatch.done (/Users/nso4579/Documents/NWProject/NightWatch/node_modules/q/q.js:863:30)
    at Promise.promise.promiseDispatch (/Users/nso4579/Documents/NWProject/NightWatch/node_modules/q/q.js:796:13)
    at /Users/nso4579/Documents/NWProject/NightWatch/node_modules/q/q.js:556:49
    at runSingle (/Users/nso4579/Documents/NWProject/NightWatch/node_modules/q/q.js:137:13)
    at flush (/Users/nso4579/Documents/NWProject/NightWatch/node_modules/q/q.js:125:13)
ERROR: Unable to locate element: &#34;input[name=username]&#34; using: css selector
    at userLogin (/Users/nso4579/Documents/NWProject/NightWatch/pages/utils.js:31:6)
    at Object.login as admin (/Users/nso4579/Documents/NWProject/NightWatch/tests/mmdiabetes.js:18:20)
    at Module.call (/Users/nso4579/Documents/NWProject/NightWatch/node_modules/nightwatch/lib/runner/module.js:62:34)
    at /Users/nso4579/Documents/NWProject/NightWatch/node_modules/nightwatch/lib/runner/testcase.js:70:29
    at _fulfilled (/Users/nso4579/Documents/NWProject/NightWatch/node_modules/q/q.js:834:54)
    at self.promiseDispatch.done (/Users/nso4579/Documents/NWProject/NightWatch/node_modules/q/q.js:863:30)
    at Promise.promise.promiseDispatch (/Users/nso4579/Documents/NWProject/NightWatch/node_modules/q/q.js:796:13)
    at /Users/nso4579/Documents/NWProject/NightWatch/node_modules/q/q.js:556:49
    at runSingle (/Users/nso4579/Documents/NWProject/NightWatch/node_modules/q/q.js:137:13)
    at flush (/Users/nso4579/Documents/NWProject/NightWatch/node_modules/q/q.js:125:13)
ERROR: Unable to locate element: &#34;input[name=password]&#34; using: css selector
    at userLogin (/Users/nso4579/Documents/NWProject/NightWatch/pages/utils.js:32:6)
    at Object.login as admin (/Users/nso4579/Documents/NWProject/NightWatch/tests/mmdiabetes.js:18:20)
    at Module.call (/Users/nso4579/Documents/NWProject/NightWatch/node_modules/nightwatch/lib/runner/module.js:62:34)
    at /Users/nso4579/Documents/NWProject/NightWatch/node_modules/nightwatch/lib/runner/testcase.js:70:29
    at _fulfilled (/Users/nso4579/Documents/NWProject/NightWatch/node_modules/q/q.js:834:54)
    at self.promiseDispatch.done (/Users/nso4579/Documents/NWProject/NightWatch/node_modules/q/q.js:863:30)
    at Promise.promise.promiseDispatch (/Users/nso4579/Documents/NWProject/NightWatch/node_modules/q/q.js:796:13)
    at /Users/nso4579/Documents/NWProject/NightWatch/node_modules/q/q.js:556:49
    at runSingle (/Users/nso4579/Documents/NWProject/NightWatch/node_modules/q/q.js:137:13)
    at flush (/Users/nso4579/Documents/NWProject/NightWatch/node_modules/q/q.js:125:13)
ERROR: Unable to locate element: &#34;input[name=submit]&#34; using: css selector
    at userLogin (/Users/nso4579/Documents/NWProject/NightWatch/pages/utils.js:33:6)
    at Object.login as admin (/Users/nso4579/Documents/NWProject/NightWatch/tests/mmdiabetes.js:18:20)
    at Module.call (/Users/nso4579/Documents/NWProject/NightWatch/node_modules/nightwatch/lib/runner/module.js:62:34)
    at /Users/nso4579/Documents/NWProject/NightWatch/node_modules/nightwatch/lib/runner/testcase.js:70:29
    at _fulfilled (/Users/nso4579/Documents/NWProject/NightWatch/node_modules/q/q.js:834:54)
    at self.promiseDispatch.done (/Users/nso4579/Documents/NWProject/NightWatch/node_modules/q/q.js:863:30)
    at Promise.promise.promiseDispatch (/Users/nso4579/Documents/NWProject/NightWatch/node_modules/q/q.js:796:13)
    at /Users/nso4579/Documents/NWProject/NightWatch/node_modules/q/q.js:556:49
    at runSingle (/Users/nso4579/Documents/NWProject/NightWatch/node_modules/q/q.js:137:13)
    at flush (/Users/nso4579/Documents/NWProject/NightWatch/node_modules/q/q.js:125:13)
ERROR: Unable to locate element: &#34;input[name=username]&#34; using: css selector
    at userLogin (/Users/nso4579/Documents/NWProject/NightWatch/pages/utils.js:31:6)
    at Object.login as admin (/Users/nso4579/Documents/NWProject/NightWatch/tests/mmoncology.js:18:20)
    at Module.call (/Users/nso4579/Documents/NWProject/NightWatch/node_modules/nightwatch/lib/runner/module.js:62:34)
    at /Users/nso4579/Documents/NWProject/NightWatch/node_modules/nightwatch/lib/runner/testcase.js:70:29
    at _fulfilled (/Users/nso4579/Documents/NWProject/NightWatch/node_modules/q/q.js:834:54)
    at self.promiseDispatch.done (/Users/nso4579/Documents/NWProject/NightWatch/node_modules/q/q.js:863:30)
    at Promise.promise.promiseDispatch (/Users/nso4579/Documents/NWProject/NightWatch/node_modules/q/q.js:796:13)
    at /Users/nso4579/Documents/NWProject/NightWatch/node_modules/q/q.js:556:49
    at runSingle (/Users/nso4579/Documents/NWProject/NightWatch/node_modules/q/q.js:137:13)
    at flush (/Users/nso4579/Documents/NWProject/NightWatch/node_modules/q/q.js:125:13)
ERROR: Unable to locate element: &#34;input[name=password]&#34; using: css selector
    at userLogin (/Users/nso4579/Documents/NWProject/NightWatch/pages/utils.js:32:6)
    at Object.login as admin (/Users/nso4579/Documents/NWProject/NightWatch/tests/mmoncology.js:18:20)
    at Module.call (/Users/nso4579/Documents/NWProject/NightWatch/node_modules/nightwatch/lib/runner/module.js:62:34)
    at /Users/nso4579/Documents/NWProject/NightWatch/node_modules/nightwatch/lib/runner/testcase.js:70:29
    at _fulfilled (/Users/nso4579/Documents/NWProject/NightWatch/node_modules/q/q.js:834:54)
    at self.promiseDispatch.done (/Users/nso4579/Documents/NWProject/NightWatch/node_modules/q/q.js:863:30)
    at Promise.promise.promiseDispatch (/Users/nso4579/Documents/NWProject/NightWatch/node_modules/q/q.js:796:13)
    at /Users/nso4579/Documents/NWProject/NightWatch/node_modules/q/q.js:556:49
    at runSingle (/Users/nso4579/Documents/NWProject/NightWatch/node_modules/q/q.js:137:13)
    at flush (/Users/nso4579/Documents/NWProject/NightWatch/node_modules/q/q.js:125:13)
ERROR: Unable to locate element: &#34;input[name=submit]&#34; using: css selector
    at userLogin (/Users/nso4579/Documents/NWProject/NightWatch/pages/utils.js:33:6)
    at Object.login as admin (/Users/nso4579/Documents/NWProject/NightWatch/tests/mmoncology.js:18:20)
    at Module.call (/Users/nso4579/Documents/NWProject/NightWatch/node_modules/nightwatch/lib/runner/module.js:62:34)
    at /Users/nso4579/Documents/NWProject/NightWatch/node_modules/nightwatch/lib/runner/testcase.js:70:29
    at _fulfilled (/Users/nso4579/Documents/NWProject/NightWatch/node_modules/q/q.js:834:54)
    at self.promiseDispatch.done (/Users/nso4579/Documents/NWProject/NightWatch/node_modules/q/q.js:863:30)
    at Promise.promise.promiseDispatch (/Users/nso4579/Documents/NWProject/NightWatch/node_modules/q/q.js:796:13)
    at /Users/nso4579/Documents/NWProject/NightWatch/node_modules/q/q.js:556:49
    at runSingle (/Users/nso4579/Documents/NWProject/NightWatch/node_modules/q/q.js:137:13)
    at flush (/Users/nso4579/Documents/NWProject/NightWatch/node_modules/q/q.js:125:13)
ERROR: Unable to locate element: &#34;input[name=username]&#34; using: css selector
    at userLogin (/Users/nso4579/Documents/NWProject/NightWatch/pages/utils.js:31:6)
    at Object.login as admin (/Users/nso4579/Documents/NWProject/NightWatch/tests/mmremutology.js:18:20)
    at Module.call (/Users/nso4579/Documents/NWProject/NightWatch/node_modules/nightwatch/lib/runner/module.js:62:34)
    at /Users/nso4579/Documents/NWProject/NightWatch/node_modules/nightwatch/lib/runner/testcase.js:70:29
    at _fulfilled (/Users/nso4579/Documents/NWProject/NightWatch/node_modules/q/q.js:834:54)
    at self.promiseDispatch.done (/Users/nso4579/Documents/NWProject/NightWatch/node_modules/q/q.js:863:30)
    at Promise.promise.promiseDispatch (/Users/nso4579/Documents/NWProject/NightWatch/node_modules/q/q.js:796:13)
    at /Users/nso4579/Documents/NWProject/NightWatch/node_modules/q/q.js:556:49
    at runSingle (/Users/nso4579/Documents/NWProject/NightWatch/node_modules/q/q.js:137:13)
    at flush (/Users/nso4579/Documents/NWProject/NightWatch/node_modules/q/q.js:125:13)
ERROR: Unable to locate element: &#34;input[name=password]&#34; using: css selector
    at userLogin (/Users/nso4579/Documents/NWProject/NightWatch/pages/utils.js:32:6)
    at Object.login as admin (/Users/nso4579/Documents/NWProject/NightWatch/tests/mmremutology.js:18:20)
    at Module.call (/Users/nso4579/Documents/NWProject/NightWatch/node_modules/nightwatch/lib/runner/module.js:62:34)
    at /Users/nso4579/Documents/NWProject/NightWatch/node_modules/nightwatch/lib/runner/testcase.js:70:29
    at _fulfilled (/Users/nso4579/Documents/NWProject/NightWatch/node_modules/q/q.js:834:54)
    at self.promiseDispatch.done (/Users/nso4579/Documents/NWProject/NightWatch/node_modules/q/q.js:863:30)
    at Promise.promise.promiseDispatch (/Users/nso4579/Documents/NWProject/NightWatch/node_modules/q/q.js:796:13)
    at /Users/nso4579/Documents/NWProject/NightWatch/node_modules/q/q.js:556:49
    at runSingle (/Users/nso4579/Documents/NWProject/NightWatch/node_modules/q/q.js:137:13)
    at flush (/Users/nso4579/Documents/NWProject/NightWatch/node_modules/q/q.js:125:13)
ERROR: Unable to locate element: &#34;input[name=submit]&#34; using: css selector
    at userLogin (/Users/nso4579/Documents/NWProject/NightWatch/pages/utils.js:33:6)
    at Object.login as admin (/Users/nso4579/Documents/NWProject/NightWatch/tests/mmremutology.js:18:20)
    at Module.call (/Users/nso4579/Documents/NWProject/NightWatch/node_modules/nightwatch/lib/runner/module.js:62:34)
    at /Users/nso4579/Documents/NWProject/NightWatch/node_modules/nightwatch/lib/runner/testcase.js:70:29
    at _fulfilled (/Users/nso4579/Documents/NWProject/NightWatch/node_modules/q/q.js:834:54)
    at self.promiseDispatch.done (/Users/nso4579/Documents/NWProject/NightWatch/node_modules/q/q.js:863:30)
    at Promise.promise.promiseDispatch (/Users/nso4579/Documents/NWProject/NightWatch/node_modules/q/q.js:796:13)
    at /Users/nso4579/Documents/NWProject/NightWatch/node_modules/q/q.js:556:49
    at runSingle (/Users/nso4579/Documents/NWProject/NightWatch/node_modules/q/q.js:137:13)
    at flush (/Users/nso4579/Documents/NWProject/NightWatch/node_modules/q/q.js:125:13)
ERROR: Unable to locate element: &#34;input[name=username]&#34; using: css selector
    at userLogin (/Users/nso4579/Documents/NWProject/NightWatch/pages/utils.js:31:6)
    at Object.login as admin (/Users/nso4579/Documents/NWProject/NightWatch/tests/pflegenzuhause.js:18:20)
    at Module.call (/Users/nso4579/Documents/NWProject/NightWatch/node_modules/nightwatch/lib/runner/module.js:62:34)
    at /Users/nso4579/Documents/NWProject/NightWatch/node_modules/nightwatch/lib/runner/testcase.js:70:29
    at _fulfilled (/Users/nso4579/Documents/NWProject/NightWatch/node_modules/q/q.js:834:54)
    at self.promiseDispatch.done (/Users/nso4579/Documents/NWProject/NightWatch/node_modules/q/q.js:863:30)
    at Promise.promise.promiseDispatch (/Users/nso4579/Documents/NWProject/NightWatch/node_modules/q/q.js:796:13)
    at /Users/nso4579/Documents/NWProject/NightWatch/node_modules/q/q.js:556:49
    at runSingle (/Users/nso4579/Documents/NWProject/NightWatch/node_modules/q/q.js:137:13)
    at flush (/Users/nso4579/Documents/NWProject/NightWatch/node_modules/q/q.js:125:13)
ERROR: Unable to locate element: &#34;input[name=password]&#34; using: css selector
    at userLogin (/Users/nso4579/Documents/NWProject/NightWatch/pages/utils.js:32:6)
    at Object.login as admin (/Users/nso4579/Documents/NWProject/NightWatch/tests/pflegenzuhause.js:18:20)
    at Module.call (/Users/nso4579/Documents/NWProject/NightWatch/node_modules/nightwatch/lib/runner/module.js:62:34)
    at /Users/nso4579/Documents/NWProject/NightWatch/node_modules/nightwatch/lib/runner/testcase.js:70:29
    at _fulfilled (/Users/nso4579/Documents/NWProject/NightWatch/node_modules/q/q.js:834:54)
    at self.promiseDispatch.done (/Users/nso4579/Documents/NWProject/NightWatch/node_modules/q/q.js:863:30)
    at Promise.promise.promiseDispatch (/Users/nso4579/Documents/NWProject/NightWatch/node_modules/q/q.js:796:13)
    at /Users/nso4579/Documents/NWProject/NightWatch/node_modules/q/q.js:556:49
    at runSingle (/Users/nso4579/Documents/NWProject/NightWatch/node_modules/q/q.js:137:13)
    at flush (/Users/nso4579/Documents/NWProject/NightWatch/node_modules/q/q.js:125:13)
ERROR: Unable to locate element: &#34;input[name=submit]&#34; using: css selector
    at userLogin (/Users/nso4579/Documents/NWProject/NightWatch/pages/utils.js:33:6)
    at Object.login as admin (/Users/nso4579/Documents/NWProject/NightWatch/tests/pflegenzuhause.js:18:20)
    at Module.call (/Users/nso4579/Documents/NWProject/NightWatch/node_modules/nightwatch/lib/runner/module.js:62:34)
    at /Users/nso4579/Documents/NWProject/NightWatch/node_modules/nightwatch/lib/runner/testcase.js:70:29
    at _fulfilled (/Users/nso4579/Documents/NWProject/NightWatch/node_modules/q/q.js:834:54)
    at self.promiseDispatch.done (/Users/nso4579/Documents/NWProject/NightWatch/node_modules/q/q.js:863:30)
    at Promise.promise.promiseDispatch (/Users/nso4579/Documents/NWProject/NightWatch/node_modules/q/q.js:796:13)
    at /Users/nso4579/Documents/NWProject/NightWatch/node_modules/q/q.js:556:49
    at runSingle (/Users/nso4579/Documents/NWProject/NightWatch/node_modules/q/q.js:137:13)
    at flush (/Users/nso4579/Documents/NWProject/NightWatch/node_modules/q/q.js:125:13)
ERROR: Unable to locate element: &#34;input[name=username]&#34; using: css selector
    at userLogin (/Users/nso4579/Documents/NWProject/NightWatch/pages/utils.js:31:6)
    at Object.login as admin (/Users/nso4579/Documents/NWProject/NightWatch/tests/smed.js:18:20)
    at Module.call (/Users/nso4579/Documents/NWProject/NightWatch/node_modules/nightwatch/lib/runner/module.js:62:34)
    at /Users/nso4579/Documents/NWProject/NightWatch/node_modules/nightwatch/lib/runner/testcase.js:70:29
    at _fulfilled (/Users/nso4579/Documents/NWProject/NightWatch/node_modules/q/q.js:834:54)
    at self.promiseDispatch.done (/Users/nso4579/Documents/NWProject/NightWatch/node_modules/q/q.js:863:30)
    at Promise.promise.promiseDispatch (/Users/nso4579/Documents/NWProject/NightWatch/node_modules/q/q.js:796:13)
    at /Users/nso4579/Documents/NWProject/NightWatch/node_modules/q/q.js:556:49
    at runSingle (/Users/nso4579/Documents/NWProject/NightWatch/node_modules/q/q.js:137:13)
    at flush (/Users/nso4579/Documents/NWProject/NightWatch/node_modules/q/q.js:125:13)
ERROR: Unable to locate element: &#34;input[name=password]&#34; using: css selector
    at userLogin (/Users/nso4579/Documents/NWProject/NightWatch/pages/utils.js:32:6)
    at Object.login as admin (/Users/nso4579/Documents/NWProject/NightWatch/tests/smed.js:18:20)
    at Module.call (/Users/nso4579/Documents/NWProject/NightWatch/node_modules/nightwatch/lib/runner/module.js:62:34)
    at /Users/nso4579/Documents/NWProject/NightWatch/node_modules/nightwatch/lib/runner/testcase.js:70:29
    at _fulfilled (/Users/nso4579/Documents/NWProject/NightWatch/node_modules/q/q.js:834:54)
    at self.promiseDispatch.done (/Users/nso4579/Documents/NWProject/NightWatch/node_modules/q/q.js:863:30)
    at Promise.promise.promiseDispatch (/Users/nso4579/Documents/NWProject/NightWatch/node_modules/q/q.js:796:13)
    at /Users/nso4579/Documents/NWProject/NightWatch/node_modules/q/q.js:556:49
    at runSingle (/Users/nso4579/Documents/NWProject/NightWatch/node_modules/q/q.js:137:13)
    at flush (/Users/nso4579/Documents/NWProject/NightWatch/node_modules/q/q.js:125:13)
ERROR: Unable to locate element: &#34;input[name=submit]&#34; using: css selector
    at userLogin (/Users/nso4579/Documents/NWProject/NightWatch/pages/utils.js:33:6)
    at Object.login as admin (/Users/nso4579/Documents/NWProject/NightWatch/tests/smed.js:18:20)
    at Module.call (/Users/nso4579/Documents/NWProject/NightWatch/node_modules/nightwatch/lib/runner/module.js:62:34)
    at /Users/nso4579/Documents/NWProject/NightWatch/node_modules/nightwatch/lib/runner/testcase.js:70:29
    at _fulfilled (/Users/nso4579/Documents/NWProject/NightWatch/node_modules/q/q.js:834:54)
    at self.promiseDispatch.done (/Users/nso4579/Documents/NWProject/NightWatch/node_modules/q/q.js:863:30)
    at Promise.promise.promiseDispatch (/Users/nso4579/Documents/NWProject/NightWatch/node_modules/q/q.js:796:13)
    at /Users/nso4579/Documents/NWProject/NightWatch/node_modules/q/q.js:556:49
    at runSingle (/Users/nso4579/Documents/NWProject/NightWatch/node_modules/q/q.js:137:13)
    at flush (/Users/nso4579/Documents/NWProject/NightWatch/node_modules/q/q.js:125:13)
ERROR: Unable to locate element: &#34;input[name=username]&#34; using: css selector
    at userLogin (/Users/nso4579/Documents/NWProject/NightWatch/pages/utils.js:31:6)
    at Object.login as admin (/Users/nso4579/Documents/NWProject/NightWatch/tests/spflege.js:18:20)
    at Module.call (/Users/nso4579/Documents/NWProject/NightWatch/node_modules/nightwatch/lib/runner/module.js:62:34)
    at /Users/nso4579/Documents/NWProject/NightWatch/node_modules/nightwatch/lib/runner/testcase.js:70:29
    at _fulfilled (/Users/nso4579/Documents/NWProject/NightWatch/node_modules/q/q.js:834:54)
    at self.promiseDispatch.done (/Users/nso4579/Documents/NWProject/NightWatch/node_modules/q/q.js:863:30)
    at Promise.promise.promiseDispatch (/Users/nso4579/Documents/NWProject/NightWatch/node_modules/q/q.js:796:13)
    at /Users/nso4579/Documents/NWProject/NightWatch/node_modules/q/q.js:556:49
    at runSingle (/Users/nso4579/Documents/NWProject/NightWatch/node_modules/q/q.js:137:13)
    at flush (/Users/nso4579/Documents/NWProject/NightWatch/node_modules/q/q.js:125:13)
ERROR: Unable to locate element: &#34;input[name=password]&#34; using: css selector
    at userLogin (/Users/nso4579/Documents/NWProject/NightWatch/pages/utils.js:32:6)
    at Object.login as admin (/Users/nso4579/Documents/NWProject/NightWatch/tests/spflege.js:18:20)
    at Module.call (/Users/nso4579/Documents/NWProject/NightWatch/node_modules/nightwatch/lib/runner/module.js:62:34)
    at /Users/nso4579/Documents/NWProject/NightWatch/node_modules/nightwatch/lib/runner/testcase.js:70:29
    at _fulfilled (/Users/nso4579/Documents/NWProject/NightWatch/node_modules/q/q.js:834:54)
    at self.promiseDispatch.done (/Users/nso4579/Documents/NWProject/NightWatch/node_modules/q/q.js:863:30)
    at Promise.promise.promiseDispatch (/Users/nso4579/Documents/NWProject/NightWatch/node_modules/q/q.js:796:13)
    at /Users/nso4579/Documents/NWProject/NightWatch/node_modules/q/q.js:556:49
    at runSingle (/Users/nso4579/Documents/NWProject/NightWatch/node_modules/q/q.js:137:13)
    at flush (/Users/nso4579/Documents/NWProject/NightWatch/node_modules/q/q.js:125:13)
ERROR: Unable to locate element: &#34;input[name=submit]&#34; using: css selector
    at userLogin (/Users/nso4579/Documents/NWProject/NightWatch/pages/utils.js:33:6)
    at Object.login as admin (/Users/nso4579/Documents/NWProject/NightWatch/tests/spflege.js:18:20)
    at Module.call (/Users/nso4579/Documents/NWProject/NightWatch/node_modules/nightwatch/lib/runner/module.js:62:34)
    at /Users/nso4579/Documents/NWProject/NightWatch/node_modules/nightwatch/lib/runner/testcase.js:70:29
    at _fulfilled (/Users/nso4579/Documents/NWProject/NightWatch/node_modules/q/q.js:834:54)
    at self.promiseDispatch.done (/Users/nso4579/Documents/NWProject/NightWatch/node_modules/q/q.js:863:30)
    at Promise.promise.promiseDispatch (/Users/nso4579/Documents/NWProject/NightWatch/node_modules/q/q.js:796:13)
    at /Users/nso4579/Documents/NWProject/NightWatch/node_modules/q/q.js:556:49
    at runSingle (/Users/nso4579/Documents/NWProject/NightWatch/node_modules/q/q.js:137:13)
    at flush (/Users/nso4579/Documents/NWProject/NightWatch/node_modules/q/q.js:125:13)
    </system-err>
  

  
  </testsuite>
</testsuites>
