<?xml version="1.0" encoding="UTF-8" ?>
<testsuites errors="0"
            failures="0"
            tests="10">

  <testsuite name="utils"
    errors="0" failures="0" hostname="" id="" package="utils" skipped="0"
    tests="10" time="19.04" timestamp="Thu, 04 Oct 2018 08:21:57 GMT">
  
    <testcase name="Login in Angler with Username And Password" classname="utils" time="3.661" assertions="2">

    

    
    </testcase>
  
    <testcase name="Select Site From Drop Down" classname="utils" time="0.09400" assertions="1">

    
    </testcase>
  
    <testcase name="Verify Smed Site is Selected" classname="utils" time="0.4950" assertions="1">

    
    </testcase>
  
    <testcase name="Verify Debug Menu is Selected" classname="utils" time="0.09100" assertions="1">

    
    </testcase>
  
    <testcase name="Verify Course Menu is Selected" classname="utils" time="0.7030" assertions="1">

    
    </testcase>
  
    <testcase name="Verify CMS Id is Insert " classname="utils" time="0.1100" assertions="1">

    
    </testcase>
  
    <testcase name="Verify Search Button " classname="utils" time="3.329" assertions="1">

    
    </testcase>
  
    <testcase name="Verify Course Title is Clicked  " classname="utils" time="3.583" assertions="1">

    
    </testcase>
  
    <testcase name="Verify Course Attempt " classname="utils" time="3.432" assertions="1">

    
    </testcase>
  
    <testcase name="Verify Course Outcome " classname="utils" time="3.544" assertions="1">

    
    </testcase>
  

  

  
  </testsuite>
</testsuites>
