<?xml version="1.0" encoding="UTF-8" ?>
<testsuites errors="1"
            failures="0"
            tests="2">

  <testsuite name="Register"
    errors="1" failures="0" hostname="" id="" package="Register" skipped="1"
    tests="2" time="0.003000" timestamp="Thu, 29 Nov 2018 10:41:14 GMT">
  
    <testcase name="Enter Email Address" classname="Register" time="0.003000" assertions="0">
    </testcase>
  

  
    <system-err>
        Error while running [Register / Enter Email Address]:

  TypeError: generateno.getRandomInt is not a function
    at enterEmail (/Users/nso4579/Documents/NWProject/NightWatch/pages/RegisterPage.js:12:56)
    at Object.Enter Email Address (/Users/nso4579/Documents/NWProject/NightWatch/tests/Register.js:10:23)
    at Module.call (/usr/local/lib/node_modules/nightwatch/lib/runner/module.js:62:34)
    at /usr/local/lib/node_modules/nightwatch/lib/runner/testcase.js:70:29
    at _fulfilled (/usr/local/lib/node_modules/nightwatch/node_modules/q/q.js:834:54)
    at self.promiseDispatch.done (/usr/local/lib/node_modules/nightwatch/node_modules/q/q.js:863:30)
    at Promise.promise.promiseDispatch (/usr/local/lib/node_modules/nightwatch/node_modules/q/q.js:796:13)
    at /usr/local/lib/node_modules/nightwatch/node_modules/q/q.js:556:49
    at runSingle (/usr/local/lib/node_modules/nightwatch/node_modules/q/q.js:137:13)
    at flush (/usr/local/lib/node_modules/nightwatch/node_modules/q/q.js:125:13)
    </system-err>
  

  
    
    <testcase
      name="Enter Password" classname="Register">
      <skipped />
    </testcase>
    
  
  </testsuite>
</testsuites>
